<?xml version="1.0" encoding="UTF-8"?>
<!-- Generated by org.testng.reporters.JUnitReportReporter -->
<testsuite hostname="DESKTOP-I4LT0UA" failures="0" tests="1" name="Testjanasya.Testjanasyaa" time="70.481" errors="0" timestamp="2024-06-12T16:23:55 IST" skipped="0">
  <testcase classname="Testjanasya.Testjanasyaa" name="test1" time="70.481"/>
</testsuite> <!-- Testjanasya.Testjanasyaa -->
