<?xml version="1.0" encoding="UTF-8"?>
<!-- Generated by org.testng.reporters.JUnitReportReporter -->
<testsuite hostname="DESKTOP-I4LT0UA" failures="0" tests="1" name="Pkg.Abc" time="3.871" errors="0" timestamp="2024-05-31T12:26:34 IST" skipped="0">
  <testcase classname="Pkg.Abc" name="setup" time="3.871"/>
</testsuite> <!-- Pkg.Abc -->
